0 info it worked if it ends with ok
1 verbose cli [ '/usr/local/Cellar/node@5/5.12.0/bin/node',
1 verbose cli   '/usr/local/bin/npm',
1 verbose cli   'run',
1 verbose cli   'server' ]
2 info using npm@4.1.1
3 info using node@v5.12.0
4 verbose run-script [ 'preserver', 'server', 'postserver' ]
5 info lifecycle SwimRedux@1.0.0~preserver: SwimRedux@1.0.0
6 silly lifecycle SwimRedux@1.0.0~preserver: no script for preserver, continuing
7 info lifecycle SwimRedux@1.0.0~server: SwimRedux@1.0.0
8 verbose lifecycle SwimRedux@1.0.0~server: unsafe-perm in lifecycle true
9 verbose lifecycle SwimRedux@1.0.0~server: PATH: /usr/local/lib/node_modules/npm/bin/node-gyp-bin:/Users/zacharygavin/PersonalProjects/swim-coach-buddy/node_modules/.bin:/usr/local/bin:/usr/bin:/bin:/usr/sbin:/sbin:/Applications/Postgres.app/Contents/Versions/latest/bin
10 verbose lifecycle SwimRedux@1.0.0~server: CWD: /Users/zacharygavin/PersonalProjects/swim-coach-buddy
11 silly lifecycle SwimRedux@1.0.0~server: Args: [ '-c', 'node ./app/bin/www' ]
12 silly lifecycle SwimRedux@1.0.0~server: Returned: code: 1  signal: null
13 info lifecycle SwimRedux@1.0.0~server: Failed to exec server script
14 verbose stack Error: SwimRedux@1.0.0 server: `node ./app/bin/www`
14 verbose stack Exit status 1
14 verbose stack     at EventEmitter.<anonymous> (/usr/local/lib/node_modules/npm/lib/utils/lifecycle.js:279:16)
14 verbose stack     at emitTwo (events.js:100:13)
14 verbose stack     at EventEmitter.emit (events.js:185:7)
14 verbose stack     at ChildProcess.<anonymous> (/usr/local/lib/node_modules/npm/lib/utils/spawn.js:40:14)
14 verbose stack     at emitTwo (events.js:100:13)
14 verbose stack     at ChildProcess.emit (events.js:185:7)
14 verbose stack     at maybeClose (internal/child_process.js:850:16)
14 verbose stack     at Process.ChildProcess._handle.onexit (internal/child_process.js:215:5)
15 verbose pkgid SwimRedux@1.0.0
16 verbose cwd /Users/zacharygavin/PersonalProjects/swim-coach-buddy
17 error Darwin 16.3.0
18 error argv "/usr/local/Cellar/node@5/5.12.0/bin/node" "/usr/local/bin/npm" "run" "server"
19 error node v5.12.0
20 error npm  v4.1.1
21 error code ELIFECYCLE
22 error SwimRedux@1.0.0 server: `node ./app/bin/www`
22 error Exit status 1
23 error Failed at the SwimRedux@1.0.0 server script 'node ./app/bin/www'.
23 error Make sure you have the latest version of node.js and npm installed.
23 error If you do, this is most likely a problem with the SwimRedux package,
23 error not with npm itself.
23 error Tell the author that this fails on your system:
23 error     node ./app/bin/www
23 error You can get information on how to open an issue for this project with:
23 error     npm bugs SwimRedux
23 error Or if that isn't available, you can get their info via:
23 error     npm owner ls SwimRedux
23 error There is likely additional logging output above.
24 verbose exit [ 1, true ]
